c:\users\sawic\desktop\kopia\bed0bc90-gr47-repo\projekt\space invaders\x64\release\vc143.pdb
c:\users\sawic\desktop\kopia\bed0bc90-gr47-repo\projekt\space invaders\x64\release\player.obj
c:\users\sawic\desktop\kopia\bed0bc90-gr47-repo\projekt\space invaders\x64\release\object.obj
c:\users\sawic\desktop\kopia\bed0bc90-gr47-repo\projekt\space invaders\x64\release\main.obj
c:\users\sawic\desktop\kopia\bed0bc90-gr47-repo\projekt\space invaders\x64\release\icon.obj
c:\users\sawic\desktop\kopia\bed0bc90-gr47-repo\projekt\space invaders\x64\release\windowmachine.obj
c:\users\sawic\desktop\kopia\bed0bc90-gr47-repo\projekt\space invaders\x64\release\shieldmanager.obj
c:\users\sawic\desktop\kopia\bed0bc90-gr47-repo\projekt\space invaders\x64\release\projectilemanager.obj
c:\users\sawic\desktop\kopia\bed0bc90-gr47-repo\projekt\space invaders\x64\release\splashwindow.obj
c:\users\sawic\desktop\kopia\bed0bc90-gr47-repo\projekt\space invaders\x64\release\settingswindow.obj
c:\users\sawic\desktop\kopia\bed0bc90-gr47-repo\projekt\space invaders\x64\release\mainmenuwindow.obj
c:\users\sawic\desktop\kopia\bed0bc90-gr47-repo\projekt\space invaders\x64\release\inputmanager.obj
c:\users\sawic\desktop\kopia\bed0bc90-gr47-repo\projekt\space invaders\x64\release\gamewindow.obj
c:\users\sawic\desktop\kopia\bed0bc90-gr47-repo\projekt\space invaders\x64\release\gameoverwindow.obj
c:\users\sawic\desktop\kopia\bed0bc90-gr47-repo\projekt\space invaders\x64\release\game.obj
c:\users\sawic\desktop\kopia\bed0bc90-gr47-repo\projekt\space invaders\x64\release\assetmanager.obj
c:\users\sawic\desktop\kopia\bed0bc90-gr47-repo\projekt\space invaders\x64\release\enemymanager.obj
c:\users\sawic\desktop\kopia\bed0bc90-gr47-repo\projekt\space invaders\x64\release\shield.obj
c:\users\sawic\desktop\kopia\bed0bc90-gr47-repo\projekt\space invaders\x64\release\projectile.obj
c:\users\sawic\desktop\kopia\bed0bc90-gr47-repo\projekt\space invaders\x64\release\enemy.obj
c:\users\sawic\desktop\kopia\bed0bc90-gr47-repo\projekt\space invaders\x64\release\space invaders.ipdb
c:\users\sawic\desktop\kopia\bed0bc90-gr47-repo\projekt\space invaders\x64\release\space invaders.iobj
c:\users\sawic\desktop\kopia\bed0bc90-gr47-repo\projekt\space invaders\x64\release\space invaders.exe
c:\users\sawic\desktop\kopia\bed0bc90-gr47-repo\projekt\space invaders\x64\release\space invaders.pdb
c:\users\sawic\desktop\kopia\bed0bc90-gr47-repo\projekt\space invaders\x64\release\space invaders.tlog\cl.command.1.tlog
c:\users\sawic\desktop\kopia\bed0bc90-gr47-repo\projekt\space invaders\x64\release\space invaders.tlog\cl.items.tlog
c:\users\sawic\desktop\kopia\bed0bc90-gr47-repo\projekt\space invaders\x64\release\space invaders.tlog\cl.read.1.tlog
c:\users\sawic\desktop\kopia\bed0bc90-gr47-repo\projekt\space invaders\x64\release\space invaders.tlog\cl.write.1.tlog
c:\users\sawic\desktop\kopia\bed0bc90-gr47-repo\projekt\space invaders\x64\release\space invaders.tlog\link.command.1.tlog
c:\users\sawic\desktop\kopia\bed0bc90-gr47-repo\projekt\space invaders\x64\release\space invaders.tlog\link.read.1.tlog
c:\users\sawic\desktop\kopia\bed0bc90-gr47-repo\projekt\space invaders\x64\release\space invaders.tlog\link.write.1.tlog
c:\users\sawic\desktop\kopia\bed0bc90-gr47-repo\projekt\space invaders\x64\release\space invaders.tlog\link.write.2u.tlog
